INFO:werkzeug:[31m[1mWARNING: This is a development server. Do not use it in a production deployment. Use a production WSGI server instead.[0m
 * Running on http://127.0.0.1:5000
INFO:werkzeug:[33mPress CTRL+C to quit[0m
INFO:werkzeug:[31m[1mWARNING: This is a development server. Do not use it in a production deployment. Use a production WSGI server instead.[0m
 * Running on http://127.0.0.1:5000
INFO:werkzeug:[33mPress CTRL+C to quit[0m
INFO:werkzeug:[31m[1mWARNING: This is a development server. Do not use it in a production deployment. Use a production WSGI server instead.[0m
 * Running on http://127.0.0.1:5000
INFO:werkzeug:[33mPress CTRL+C to quit[0m
DEBUG:app:debug log info
INFO:app:Info log information
WARNING:app:Warning log info
ERROR:app:Error log info
CRITICAL:app:Critical log info
INFO:werkzeug:127.0.0.1 - - [03/Nov/2024 14:10:10] "GET / HTTP/1.1" 200 -
INFO:werkzeug:[31m[1mWARNING: This is a development server. Do not use it in a production deployment. Use a production WSGI server instead.[0m
 * Running on http://127.0.0.1:5000
INFO:werkzeug:[33mPress CTRL+C to quit[0m
INFO:sqlalchemy.engine.Engine:BEGIN (implicit)
INFO:sqlalchemy.engine.Engine:PRAGMA main.table_info("customers")
INFO:sqlalchemy.engine.Engine:[raw sql] ()
INFO:sqlalchemy.engine.Engine:PRAGMA temp.table_info("customers")
INFO:sqlalchemy.engine.Engine:[raw sql] ()
INFO:sqlalchemy.engine.Engine:
CREATE TABLE customers (
	id VARCHAR NOT NULL, 
	firstname VARCHAR NOT NULL, 
	middlename VARCHAR, 
	lastname VARCHAR NOT NULL, 
	email VARCHAR NOT NULL, 
	phone VARCHAR NOT NULL, 
	PRIMARY KEY (id), 
	UNIQUE (email)
)


INFO:sqlalchemy.engine.Engine:[no key 0.00004s] ()
INFO:sqlalchemy.engine.Engine:COMMIT
INFO:werkzeug:[31m[1mWARNING: This is a development server. Do not use it in a production deployment. Use a production WSGI server instead.[0m
 * Running on http://127.0.0.1:5000
INFO:werkzeug:[33mPress CTRL+C to quit[0m
DEBUG:src.app:debug log info
INFO:src.app:Info log information
WARNING:src.app:Warning log info
ERROR:src.app:Error log info
CRITICAL:src.app:Critical log info
INFO:werkzeug:127.0.0.1 - - [03/Nov/2024 14:54:04] "GET / HTTP/1.1" 200 -
DEBUG:src.app:debug log info
INFO:src.app:Info log information
WARNING:src.app:Warning log info
ERROR:src.app:Error log info
CRITICAL:src.app:Critical log info
INFO:werkzeug:127.0.0.1 - - [03/Nov/2024 14:54:05] "GET / HTTP/1.1" 200 -
DEBUG:src.app:debug log info
INFO:src.app:Info log information
WARNING:src.app:Warning log info
ERROR:src.app:Error log info
CRITICAL:src.app:Critical log info
INFO:werkzeug:127.0.0.1 - - [03/Nov/2024 14:54:06] "GET / HTTP/1.1" 200 -
